<?xml version="1.0" encoding="UTF-8"?><testsuite errors="0" failures="0" name="io.cucumber.core.plugin.JUnitFormatter" skipped="0" tests="1" time="16.507">
<testcase classname="Deals page validation" name="Verify the functionality of new deal creation" time="16.231">
<system-out><![CDATA[Given that the user is on the login page for deals..........................passed
And click on the Login button...............................................passed
When provided the valid username and password...............................passed
And click on the login buttom...............................................passed
And clicks on the deals->New option.........................................passed
And fill the title,description and probability..............................passed
And click on Save button for deals..........................................passed
Then deal should be added...................................................passed
]]></system-out>
</testcase>
</testsuite>
